e:\developments\cadaqs\canamespace\castudio\xcross\xlang\xlang\xplayer\xplayer\xnl\codec\codec\x64\debug\codec.pch
e:\developments\cadaqs\canamespace\castudio\xcross\xlang\xlang\xplayer\xplayer\xnl\codec\codec\x64\debug\vc120.pdb
e:\developments\cadaqs\canamespace\castudio\xcross\xlang\xlang\xplayer\xplayer\xnl\codec\codec\x64\debug\vc120.idb
e:\developments\cadaqs\canamespace\castudio\xcross\xlang\xlang\xplayer\xplayer\xnl\codec\codec\x64\debug\stdafx.obj
e:\developments\cadaqs\canamespace\castudio\xcross\xlang\xlang\xplayer\xplayer\xnl\codec\codec\x64\debug\audioplayer.obj
e:\developments\cadaqs\canamespace\castudio\xcross\xlang\xlang\xplayer\xplayer\xnl\codec\codec\x64\debug\codec.obj
e:\developments\cadaqs\canamespace\castudio\xcross\xlang\xlang\xplayer\xplayer\xnl\codec\codec\x64\debug\dllmain.obj
e:\developments\cadaqs\canamespace\castudio\xcross\xlang\xlang\xplayer\xplayer\x64\debug\codec.lib
e:\developments\cadaqs\canamespace\castudio\xcross\xlang\xlang\xplayer\xplayer\x64\debug\codec.exp
e:\developments\cadaqs\canamespace\castudio\xcross\xlang\xlang\xplayer\xplayer\x64\debug\codec.ilk
e:\developments\cadaqs\canamespace\castudio\xcross\xlang\xlang\xplayer\xplayer\x64\debug\codec.dll
e:\developments\cadaqs\canamespace\castudio\xcross\xlang\xlang\xplayer\xplayer\x64\debug\codec.pdb
e:\developments\cadaqs\canamespace\castudio\xcross\xlang\xlang\xplayer\xplayer\xnl\codec\codec\x64\debug\codec.res
e:\developments\cadaqs\canamespace\castudio\xcross\xlang\xlang\xplayer\xplayer\xnl\codec\codec\..\..\..\x64\debug\codec.dll
e:\developments\cadaqs\canamespace\castudio\xcross\xlang\xlang\xplayer\xplayer\xnl\codec\codec\x64\debug\codec.tlog\cl.command.1.tlog
e:\developments\cadaqs\canamespace\castudio\xcross\xlang\xlang\xplayer\xplayer\xnl\codec\codec\x64\debug\codec.tlog\cl.read.1.tlog
e:\developments\cadaqs\canamespace\castudio\xcross\xlang\xlang\xplayer\xplayer\xnl\codec\codec\x64\debug\codec.tlog\cl.write.1.tlog
e:\developments\cadaqs\canamespace\castudio\xcross\xlang\xlang\xplayer\xplayer\xnl\codec\codec\x64\debug\codec.tlog\codec.write.1u.tlog
e:\developments\cadaqs\canamespace\castudio\xcross\xlang\xlang\xplayer\xplayer\xnl\codec\codec\x64\debug\codec.tlog\link.command.1.tlog
e:\developments\cadaqs\canamespace\castudio\xcross\xlang\xlang\xplayer\xplayer\xnl\codec\codec\x64\debug\codec.tlog\link.read.1.tlog
e:\developments\cadaqs\canamespace\castudio\xcross\xlang\xlang\xplayer\xplayer\xnl\codec\codec\x64\debug\codec.tlog\link.write.1.tlog
e:\developments\cadaqs\canamespace\castudio\xcross\xlang\xlang\xplayer\xplayer\xnl\codec\codec\x64\debug\codec.tlog\rc.command.1.tlog
e:\developments\cadaqs\canamespace\castudio\xcross\xlang\xlang\xplayer\xplayer\xnl\codec\codec\x64\debug\codec.tlog\rc.read.1.tlog
e:\developments\cadaqs\canamespace\castudio\xcross\xlang\xlang\xplayer\xplayer\xnl\codec\codec\x64\debug\codec.tlog\rc.write.1.tlog
