生成启动时间为 2019/1/29 1:45:54。
     1>项目“E:\Developments\Cadaqs\caNamespace\cross_platform\codec\codec\codec.vcxproj”在节点 2 上(Build 个目标)。
     1>ClCompile:
         C:\Program Files (x86)\Microsoft Visual Studio 12.0\VC\bin\CL.exe /c /I"C:\Program Files (x86)\Visual Leak Detector\include" /Zi /nologo /W3 /WX- /sdl /O2 /Oi /Oy- /GL /D WIN32 /D NDEBUG /D _WINDOWS /D _USRDLL /D CODEC_EXPORTS /D _WINDLL /D _UNICODE /D UNICODE /Gm- /EHsc /MT /GS /Gy /Zc:wchar_t /Zc:forScope /Yc"stdafx.h" /Fp"Release\codec.pch" /Fo"Release\\" /Fd"Release\vc120.pdb" /Gd /TP /analyze- /errorReport:prompt stdafx.cpp
         stdafx.cpp
         C:\Program Files (x86)\Microsoft Visual Studio 12.0\VC\bin\CL.exe /c /I"C:\Program Files (x86)\Visual Leak Detector\include" /Zi /nologo /W3 /WX- /sdl /O2 /Oi /Oy- /GL /D WIN32 /D NDEBUG /D _WINDOWS /D _USRDLL /D CODEC_EXPORTS /D _WINDLL /D _UNICODE /D UNICODE /Gm- /EHsc /MT /GS /Gy /Zc:wchar_t /Zc:forScope /Yu"stdafx.h" /Fp"Release\codec.pch" /Fo"Release\\" /Fd"Release\vc120.pdb" /Gd /TP /analyze- /errorReport:prompt AudioPlayer.cpp codec.cpp
         AudioPlayer.cpp
         codec.cpp
         C:\Program Files (x86)\Microsoft Visual Studio 12.0\VC\bin\CL.exe /c /I"C:\Program Files (x86)\Visual Leak Detector\include" /Zi /nologo /W3 /WX- /sdl /O2 /Oi /Oy- /GL /D WIN32 /D NDEBUG /D _WINDOWS /D _USRDLL /D CODEC_EXPORTS /D _WINDLL /D _UNICODE /D UNICODE /Gm- /EHsc /MT /GS /Gy /Zc:wchar_t /Zc:forScope /Fo"Release\\" /Fd"Release\vc120.pdb" /Gd /TP /analyze- /errorReport:prompt dllmain.cpp
         dllmain.cpp
       ResourceCompile:
         C:\Program Files (x86)\Windows Kits\8.1\bin\x86\rc.exe /D _UNICODE /D UNICODE /l"0x0409" /nologo /fo"Release\codec.res" codec.rc 
       Link:
         C:\Program Files (x86)\Microsoft Visual Studio 12.0\VC\bin\link.exe /ERRORREPORT:PROMPT /OUT:"E:\Developments\Cadaqs\caNamespace\cross_platform\codec\Release\codec.dll" /INCREMENTAL:NO /NOLOGO /LIBPATH:"C:\Program Files (x86)\Visual Leak Detector\lib\Win32" capool.lib caallocator_mfc.lib cathreadpool.lib winmm.lib cautils.lib Wldap32.lib caRemoteCallPipe.lib ws2_32.lib catimer.lib kernel32.lib user32.lib gdi32.lib winspool.lib comdlg32.lib advapi32.lib shell32.lib ole32.lib oleaut32.lib uuid.lib odbc32.lib odbccp32.lib /DEF:"codec.def" /MANIFEST /MANIFESTUAC:"level='asInvoker' uiAccess='false'" /manifest:embed /DEBUG /PDB:"E:\Developments\Cadaqs\caNamespace\cross_platform\codec\Release\codec.pdb" /SUBSYSTEM:WINDOWS /OPT:REF /OPT:ICF /LTCG /TLBID:1 /DYNAMICBASE /NXCOMPAT /IMPLIB:"E:\Developments\Cadaqs\caNamespace\cross_platform\codec\Release\codec.lib" /MACHINE:X86 /SAFESEH /DLL Release\codec.res
         Release\AudioPlayer.obj
         Release\codec.obj
         Release\dllmain.obj
         Release\stdafx.obj
            正在创建库 E:\Developments\Cadaqs\caNamespace\cross_platform\codec\Release\codec.lib 和对象 E:\Developments\Cadaqs\caNamespace\cross_platform\codec\Release\codec.exp
         正在生成代码
         已完成代码的生成
         codec.vcxproj -> E:\Developments\Cadaqs\caNamespace\cross_platform\codec\Release\codec.dll
     1>已完成生成项目“E:\Developments\Cadaqs\caNamespace\cross_platform\codec\codec\codec.vcxproj”(Build 个目标)的操作。

生成成功。

已用时间 00:00:02.60
