e:\developments\cadaqs\canamespace\cross_platform\codec\codec\release\codec.pch
e:\developments\cadaqs\canamespace\cross_platform\codec\codec\release\vc120.pdb
e:\developments\cadaqs\canamespace\cross_platform\codec\codec\release\stdafx.obj
e:\developments\cadaqs\canamespace\cross_platform\codec\codec\release\dllmain.obj
e:\developments\cadaqs\canamespace\cross_platform\codec\codec\release\codec.obj
e:\developments\cadaqs\canamespace\cross_platform\codec\codec\release\audioplayer.obj
e:\developments\cadaqs\canamespace\cross_platform\codec\release\codec.lib
e:\developments\cadaqs\canamespace\cross_platform\codec\release\codec.exp
e:\developments\cadaqs\canamespace\cross_platform\codec\release\codec.dll
e:\developments\cadaqs\canamespace\cross_platform\codec\release\codec.pdb
e:\developments\cadaqs\canamespace\cross_platform\codec\codec\release\codec.res
e:\developments\cadaqs\canamespace\cross_platform\codec\codec\release\codec.tlog\cl.command.1.tlog
e:\developments\cadaqs\canamespace\cross_platform\codec\codec\release\codec.tlog\cl.read.1.tlog
e:\developments\cadaqs\canamespace\cross_platform\codec\codec\release\codec.tlog\cl.write.1.tlog
e:\developments\cadaqs\canamespace\cross_platform\codec\codec\release\codec.tlog\codec.write.1u.tlog
e:\developments\cadaqs\canamespace\cross_platform\codec\codec\release\codec.tlog\link.command.1.tlog
e:\developments\cadaqs\canamespace\cross_platform\codec\codec\release\codec.tlog\link.read.1.tlog
e:\developments\cadaqs\canamespace\cross_platform\codec\codec\release\codec.tlog\link.write.1.tlog
e:\developments\cadaqs\canamespace\cross_platform\codec\codec\release\codec.tlog\rc.command.1.tlog
e:\developments\cadaqs\canamespace\cross_platform\codec\codec\release\codec.tlog\rc.read.1.tlog
e:\developments\cadaqs\canamespace\cross_platform\codec\codec\release\codec.tlog\rc.write.1.tlog
