d:\home\xplayer\ffmpeghelper\ffmpeghelper\x64\release\ffmpeghelper.pch
d:\home\xplayer\ffmpeghelper\ffmpeghelper\x64\release\vc120.pdb
d:\home\xplayer\ffmpeghelper\ffmpeghelper\x64\release\stdafx.obj
d:\home\xplayer\ffmpeghelper\ffmpeghelper\x64\release\dllmain.obj
d:\home\xplayer\ffmpeghelper\ffmpeghelper\x64\release\ffmpeghelper.obj
d:\home\xplayer\ffmpeghelper\x64\release\ffmpeghelper.lib
d:\home\xplayer\ffmpeghelper\x64\release\ffmpeghelper.exp
d:\home\xplayer\x64\debug\ffmpeghelper.lib
d:\home\xplayer\x64\debug\ffmpeghelper.exp
d:\home\xplayer\x64\debug\ffmpeghelper.dll
d:\home\xplayer\x64\debug\ffmpeghelper.pdb
e:\developments\cadaqs\canamespace\castudio\xcross\xlang\xlang\xplayer\xplayer\xnl\ffmpeghelper\ffmpeghelper\x64\release\dllmain.obj
e:\developments\cadaqs\canamespace\castudio\xcross\xlang\xlang\xplayer\xplayer\xnl\ffmpeghelper\ffmpeghelper\x64\release\ffmpeghelper.obj
e:\developments\cadaqs\canamespace\castudio\xcross\xlang\xlang\xplayer\xplayer\xnl\ffmpeghelper\ffmpeghelper\x64\release\stdafx.obj
e:\developments\cadaqs\canamespace\castudio\xcross\xlang\xlang\xplayer\xplayer\xnl\ffmpeghelper\ffmpeghelper\x64\release\vc120.pdb
e:\developments\cadaqs\canamespace\castudio\xcross\xlang\xlang\xplayer\xplayer\x64\debug\ffmpeghelper.pdb
e:\developments\cadaqs\canamespace\castudio\xcross\xlang\xlang\xplayer\xplayer\x64\debug\ffmpeghelper.dll
e:\developments\cadaqs\canamespace\castudio\xcross\xlang\xlang\xplayer\xplayer\x64\debug\ffmpeghelper.ilk
e:\developments\cadaqs\canamespace\castudio\xcross\xlang\xlang\xplayer\xplayer\xnl\ffmpeghelper\ffmpeghelper\x64\release\ffmpeghelper.tlog\cl.command.1.tlog
e:\developments\cadaqs\canamespace\castudio\xcross\xlang\xlang\xplayer\xplayer\xnl\ffmpeghelper\ffmpeghelper\x64\release\ffmpeghelper.tlog\cl.read.1.tlog
e:\developments\cadaqs\canamespace\castudio\xcross\xlang\xlang\xplayer\xplayer\xnl\ffmpeghelper\ffmpeghelper\x64\release\ffmpeghelper.tlog\cl.write.1.tlog
e:\developments\cadaqs\canamespace\castudio\xcross\xlang\xlang\xplayer\xplayer\xnl\ffmpeghelper\ffmpeghelper\x64\release\ffmpeghelper.tlog\ffmpeghelper.write.1u.tlog
e:\developments\cadaqs\canamespace\castudio\xcross\xlang\xlang\xplayer\xplayer\xnl\ffmpeghelper\ffmpeghelper\x64\release\ffmpeghelper.tlog\link.command.1.tlog
e:\developments\cadaqs\canamespace\castudio\xcross\xlang\xlang\xplayer\xplayer\xnl\ffmpeghelper\ffmpeghelper\x64\release\ffmpeghelper.tlog\link.read.1.tlog
e:\developments\cadaqs\canamespace\castudio\xcross\xlang\xlang\xplayer\xplayer\xnl\ffmpeghelper\ffmpeghelper\x64\release\ffmpeghelper.tlog\link.write.1.tlog
