生成启动时间为 2019/2/3 17:41:12。
     1>项目“E:\Developments\Cadaqs\caNamespace\castudio\xcross\xlang\xlang\XPlayer\XPlayer\xnl\codec\codec\codec.vcxproj”在节点 2 上(Build 个目标)。
     1>C:\Program Files (x86)\MSBuild\Microsoft.Cpp\v4.0\V120\Microsoft.CppBuild.targets(364,5): warning MSB8004: Output Directory does not end with a trailing slash.  This build instance will add the slash as it is required to allow proper evaluation of the Output Directory.
     1>ClCompile:
         C:\Program Files (x86)\Microsoft Visual Studio 12.0\VC\bin\x86_amd64\CL.exe /c /I"C:\Program Files (x86)\Visual Leak Detector\include" /Zi /nologo /W3 /WX- /sdl /O2 /Oi /GL /D WIN32 /D NDEBUG /D _WINDOWS /D _USRDLL /D CODEC_EXPORTS /D _WINDLL /D _UNICODE /D UNICODE /Gm- /EHsc /MT /GS /Gy /Zc:wchar_t /Zc:forScope /Yu"stdafx.h" /Fp"x64\Release\codec.pch" /Fo"x64\Release\\" /Fd"x64\Release\vc120.pdb" /Gd /TP /errorReport:prompt AudioPlayer.cpp
         AudioPlayer.cpp
     1>AudioPlayer.cpp(85): warning C4267: “=”: 从“size_t”转换到“DWORD”，可能丢失数据
       Link:
         C:\Program Files (x86)\Microsoft Visual Studio 12.0\VC\bin\x86_amd64\link.exe /ERRORREPORT:PROMPT /OUT:"..\..\..\x64\debug\codec.dll" /INCREMENTAL:NO /NOLOGO /LIBPATH:"C:\Program Files (x86)\Visual Leak Detector\lib\Win64" winmm.lib Wldap32.lib ws2_32.lib kernel32.lib user32.lib gdi32.lib winspool.lib comdlg32.lib advapi32.lib shell32.lib ole32.lib oleaut32.lib uuid.lib odbc32.lib odbccp32.lib /DEF:"codec.def" /MANIFEST /MANIFESTUAC:"level='asInvoker' uiAccess='false'" /manifest:embed /DEBUG /PDB:"..\..\..\x64\debug\codec.pdb" /SUBSYSTEM:WINDOWS /OPT:REF /OPT:ICF /LTCG /TLBID:1 /DYNAMICBASE /NXCOMPAT /IMPLIB:"..\..\..\x64\debug\codec.lib" /MACHINE:X64 /DLL x64\Release\codec.res
         x64\Release\AudioPlayer.obj
         x64\Release\codec.obj
         x64\Release\dllmain.obj
         x64\Release\stdafx.obj
            正在创建库 ..\..\..\x64\debug\codec.lib 和对象 ..\..\..\x64\debug\codec.exp
         正在生成代码
         已完成代码的生成
         codec.vcxproj -> E:\Developments\Cadaqs\caNamespace\castudio\xcross\xlang\xlang\XPlayer\XPlayer\xnl\codec\codec\..\..\..\x64\debug\codec.dll
     1>已完成生成项目“E:\Developments\Cadaqs\caNamespace\castudio\xcross\xlang\xlang\XPlayer\XPlayer\xnl\codec\codec\codec.vcxproj”(Build 个目标)的操作。

生成成功。

已用时间 00:00:01.21
